  BackpropTest.cpp
C:\projets\scolaire\53DJV\fyc\fyc_IA\NeuroEvolution\NeuroEvolution\Activation.h(48,51): warning C4244: 'return' : conversion de 'int' en 'float', perte possible de données
C:\projets\scolaire\53DJV\fyc\fyc_IA\NeuroEvolution\NeuroEvolution\Activation.h(66,51): warning C4244: 'return' : conversion de 'int' en 'float', perte possible de données
C:\projets\scolaire\53DJV\fyc\fyc_IA\NeuroEvolution\NeuroEvolution\Activation.h(91,51): warning C4244: 'return' : conversion de 'double' en 'float', perte possible de données
C:\projets\scolaire\53DJV\fyc\fyc_IA\NeuroEvolution\NeuroEvolution\Activation.h(118,76): warning C4244: 'return' : conversion de 'double' en 'float', perte possible de données
C:\projets\scolaire\53DJV\fyc\fyc_IA\NeuroEvolution\NeuroEvolution\Activation.h(127,77): warning C4244: 'return' : conversion de 'double' en 'float', perte possible de données
C:\projets\scolaire\53DJV\fyc\fyc_IA\NeuroEvolution\NeuroEvolution\Activation.h(134,70): warning C4244: 'return' : conversion de 'double' en 'float', perte possible de données
C:\projets\scolaire\53DJV\fyc\fyc_IA\NeuroEvolution\NeuroEvolution\Activation.h(143,51): warning C4244: 'return' : conversion de 'double' en 'float', perte possible de données
C:\projets\scolaire\53DJV\fyc\fyc_IA\NeuroEvolution\NeuroEvolution\Utils.h(20,52): warning C4244: 'return' : conversion de 'double' en 'float', perte possible de données
C:\projets\scolaire\53DJV\fyc\fyc_IA\NeuroEvolution\NeuroEvolution\NeuralNetwork.h(24,37): warning C4267: 'return' : conversion de 'size_t' en 'unsigned int', perte possible de données
C:\projets\scolaire\53DJV\fyc\fyc_IA\NeuroEvolution\NeuroEvolution\NeuralNetwork.h(26,38): warning C4267: 'return' : conversion de 'size_t' en 'unsigned int', perte possible de données
C:\projets\scolaire\53DJV\fyc\fyc_IA\NeuroEvolution\NeuroEvolution\NeuralNetwork.h(27,39): warning C4267: 'return' : conversion de 'size_t' en 'unsigned int', perte possible de données
C:\projets\scolaire\53DJV\fyc\fyc_IA\NeuroEvolution\NeuroEvolution\Neat.h(90,33): warning C4267: 'return' : conversion de 'size_t' en 'int', perte possible de données
C:\projets\scolaire\53DJV\fyc\fyc_IA\NeuroEvolution\NeuroEvolution\BackpropTest.cpp(37,38): warning C4305: 'argument' : troncation de 'double' à 'float'
  CPPN_Neat.cpp
C:\projets\scolaire\53DJV\fyc\fyc_IA\NeuroEvolution\NeuroEvolution\Activation.h(48,51): warning C4244: 'return' : conversion de 'int' en 'float', perte possible de données
C:\projets\scolaire\53DJV\fyc\fyc_IA\NeuroEvolution\NeuroEvolution\Activation.h(66,51): warning C4244: 'return' : conversion de 'int' en 'float', perte possible de données
C:\projets\scolaire\53DJV\fyc\fyc_IA\NeuroEvolution\NeuroEvolution\Activation.h(91,51): warning C4244: 'return' : conversion de 'double' en 'float', perte possible de données
C:\projets\scolaire\53DJV\fyc\fyc_IA\NeuroEvolution\NeuroEvolution\Activation.h(118,76): warning C4244: 'return' : conversion de 'double' en 'float', perte possible de données
C:\projets\scolaire\53DJV\fyc\fyc_IA\NeuroEvolution\NeuroEvolution\Activation.h(127,77): warning C4244: 'return' : conversion de 'double' en 'float', perte possible de données
C:\projets\scolaire\53DJV\fyc\fyc_IA\NeuroEvolution\NeuroEvolution\Activation.h(134,70): warning C4244: 'return' : conversion de 'double' en 'float', perte possible de données
C:\projets\scolaire\53DJV\fyc\fyc_IA\NeuroEvolution\NeuroEvolution\Activation.h(143,51): warning C4244: 'return' : conversion de 'double' en 'float', perte possible de données
C:\projets\scolaire\53DJV\fyc\fyc_IA\NeuroEvolution\NeuroEvolution\Utils.h(20,52): warning C4244: 'return' : conversion de 'double' en 'float', perte possible de données
C:\projets\scolaire\53DJV\fyc\fyc_IA\NeuroEvolution\NeuroEvolution\NeuralNetwork.h(24,37): warning C4267: 'return' : conversion de 'size_t' en 'unsigned int', perte possible de données
C:\projets\scolaire\53DJV\fyc\fyc_IA\NeuroEvolution\NeuroEvolution\NeuralNetwork.h(26,38): warning C4267: 'return' : conversion de 'size_t' en 'unsigned int', perte possible de données
C:\projets\scolaire\53DJV\fyc\fyc_IA\NeuroEvolution\NeuroEvolution\NeuralNetwork.h(27,39): warning C4267: 'return' : conversion de 'size_t' en 'unsigned int', perte possible de données
C:\projets\scolaire\53DJV\fyc\fyc_IA\NeuroEvolution\NeuroEvolution\Neat.h(90,33): warning C4267: 'return' : conversion de 'size_t' en 'int', perte possible de données
C:\projets\scolaire\53DJV\fyc\fyc_IA\NeuroEvolution\NeuroEvolution\CPPN_Neat.cpp(10,20): warning C4018: '<' : incompatibilité signed/unsigned
C:\projets\scolaire\53DJV\fyc\fyc_IA\NeuroEvolution\NeuroEvolution\CPPN_Neat.cpp(32,75): warning C4267: 'argument' : conversion de 'size_t' en 'int', perte possible de données
  ES_Hyperneat.cpp
C:\projets\scolaire\53DJV\fyc\fyc_IA\NeuroEvolution\NeuroEvolution\Activation.h(48,51): warning C4244: 'return' : conversion de 'int' en 'float', perte possible de données
C:\projets\scolaire\53DJV\fyc\fyc_IA\NeuroEvolution\NeuroEvolution\Activation.h(66,51): warning C4244: 'return' : conversion de 'int' en 'float', perte possible de données
C:\projets\scolaire\53DJV\fyc\fyc_IA\NeuroEvolution\NeuroEvolution\Activation.h(91,51): warning C4244: 'return' : conversion de 'double' en 'float', perte possible de données
C:\projets\scolaire\53DJV\fyc\fyc_IA\NeuroEvolution\NeuroEvolution\Activation.h(118,76): warning C4244: 'return' : conversion de 'double' en 'float', perte possible de données
C:\projets\scolaire\53DJV\fyc\fyc_IA\NeuroEvolution\NeuroEvolution\Activation.h(127,77): warning C4244: 'return' : conversion de 'double' en 'float', perte possible de données
C:\projets\scolaire\53DJV\fyc\fyc_IA\NeuroEvolution\NeuroEvolution\Activation.h(134,70): warning C4244: 'return' : conversion de 'double' en 'float', perte possible de données
C:\projets\scolaire\53DJV\fyc\fyc_IA\NeuroEvolution\NeuroEvolution\Activation.h(143,51): warning C4244: 'return' : conversion de 'double' en 'float', perte possible de données
C:\projets\scolaire\53DJV\fyc\fyc_IA\NeuroEvolution\NeuroEvolution\Utils.h(20,52): warning C4244: 'return' : conversion de 'double' en 'float', perte possible de données
C:\projets\scolaire\53DJV\fyc\fyc_IA\NeuroEvolution\NeuroEvolution\NeuralNetwork.h(24,37): warning C4267: 'return' : conversion de 'size_t' en 'unsigned int', perte possible de données
C:\projets\scolaire\53DJV\fyc\fyc_IA\NeuroEvolution\NeuroEvolution\NeuralNetwork.h(26,38): warning C4267: 'return' : conversion de 'size_t' en 'unsigned int', perte possible de données
C:\projets\scolaire\53DJV\fyc\fyc_IA\NeuroEvolution\NeuroEvolution\NeuralNetwork.h(27,39): warning C4267: 'return' : conversion de 'size_t' en 'unsigned int', perte possible de données
C:\projets\scolaire\53DJV\fyc\fyc_IA\NeuroEvolution\NeuroEvolution\Neat.h(90,33): warning C4267: 'return' : conversion de 'size_t' en 'int', perte possible de données
C:\projets\scolaire\53DJV\fyc\fyc_IA\NeuroEvolution\NeuroEvolution\ES_Hyperneat.cpp(70,36): warning C4267: 'initialisation' : conversion de 'size_t' en 'int', perte possible de données
C:\projets\scolaire\53DJV\fyc\fyc_IA\NeuroEvolution\NeuroEvolution\ES_Hyperneat.cpp(292,43): warning C4018: '<=' : incompatibilité signed/unsigned
  ES_Snake.cpp
C:\projets\scolaire\53DJV\fyc\fyc_IA\NeuroEvolution\NeuroEvolution\Activation.h(48,51): warning C4244: 'return' : conversion de 'int' en 'float', perte possible de données
C:\projets\scolaire\53DJV\fyc\fyc_IA\NeuroEvolution\NeuroEvolution\Activation.h(66,51): warning C4244: 'return' : conversion de 'int' en 'float', perte possible de données
C:\projets\scolaire\53DJV\fyc\fyc_IA\NeuroEvolution\NeuroEvolution\Activation.h(91,51): warning C4244: 'return' : conversion de 'double' en 'float', perte possible de données
C:\projets\scolaire\53DJV\fyc\fyc_IA\NeuroEvolution\NeuroEvolution\Activation.h(118,76): warning C4244: 'return' : conversion de 'double' en 'float', perte possible de données
C:\projets\scolaire\53DJV\fyc\fyc_IA\NeuroEvolution\NeuroEvolution\Activation.h(127,77): warning C4244: 'return' : conversion de 'double' en 'float', perte possible de données
C:\projets\scolaire\53DJV\fyc\fyc_IA\NeuroEvolution\NeuroEvolution\Activation.h(134,70): warning C4244: 'return' : conversion de 'double' en 'float', perte possible de données
C:\projets\scolaire\53DJV\fyc\fyc_IA\NeuroEvolution\NeuroEvolution\Activation.h(143,51): warning C4244: 'return' : conversion de 'double' en 'float', perte possible de données
C:\projets\scolaire\53DJV\fyc\fyc_IA\NeuroEvolution\NeuroEvolution\Utils.h(20,52): warning C4244: 'return' : conversion de 'double' en 'float', perte possible de données
C:\projets\scolaire\53DJV\fyc\fyc_IA\NeuroEvolution\NeuroEvolution\NeuralNetwork.h(24,37): warning C4267: 'return' : conversion de 'size_t' en 'unsigned int', perte possible de données
C:\projets\scolaire\53DJV\fyc\fyc_IA\NeuroEvolution\NeuroEvolution\NeuralNetwork.h(26,38): warning C4267: 'return' : conversion de 'size_t' en 'unsigned int', perte possible de données
C:\projets\scolaire\53DJV\fyc\fyc_IA\NeuroEvolution\NeuroEvolution\NeuralNetwork.h(27,39): warning C4267: 'return' : conversion de 'size_t' en 'unsigned int', perte possible de données
C:\projets\scolaire\53DJV\fyc\fyc_IA\NeuroEvolution\NeuroEvolution\Neat.h(90,33): warning C4267: 'return' : conversion de 'size_t' en 'int', perte possible de données
C:\projets\scolaire\53DJV\fyc\fyc_IA\NeuroEvolution\NeuroEvolution\ES_Snake.cpp(25,33): warning C4305: '=' : troncation de 'double' à 'float'
C:\projets\scolaire\53DJV\fyc\fyc_IA\NeuroEvolution\NeuroEvolution\ES_Snake.cpp(26,34): warning C4305: '=' : troncation de 'double' à 'float'
C:\projets\scolaire\53DJV\fyc\fyc_IA\NeuroEvolution\NeuroEvolution\ES_Snake.cpp(29,29): warning C4305: '=' : troncation de 'double' à 'float'
C:\projets\scolaire\53DJV\fyc\fyc_IA\NeuroEvolution\NeuroEvolution\ES_Snake.cpp(30,34): warning C4305: '=' : troncation de 'double' à 'float'
C:\projets\scolaire\53DJV\fyc\fyc_IA\NeuroEvolution\NeuroEvolution\ES_Snake.cpp(34,39): warning C4305: '=' : troncation de 'double' à 'float'
C:\projets\scolaire\53DJV\fyc\fyc_IA\NeuroEvolution\NeuroEvolution\ES_Snake.cpp(38,33): warning C4305: '=' : troncation de 'double' à 'float'
C:\projets\scolaire\53DJV\fyc\fyc_IA\NeuroEvolution\NeuroEvolution\ES_Snake.cpp(41,29): warning C4305: '=' : troncation de 'double' à 'float'
C:\projets\scolaire\53DJV\fyc\fyc_IA\NeuroEvolution\NeuroEvolution\ES_Snake.cpp(48,37): warning C4305: '=' : troncation de 'double' à 'float'
C:\projets\scolaire\53DJV\fyc\fyc_IA\NeuroEvolution\NeuroEvolution\ES_Snake.cpp(50,43): warning C4305: '=' : troncation de 'double' à 'float'
C:\projets\scolaire\53DJV\fyc\fyc_IA\NeuroEvolution\NeuroEvolution\ES_Snake.cpp(54,31): warning C4305: '=' : troncation de 'double' à 'float'
C:\projets\scolaire\53DJV\fyc\fyc_IA\NeuroEvolution\NeuroEvolution\ES_Snake.cpp(59,42): warning C4305: '=' : troncation de 'double' à 'float'
C:\projets\scolaire\53DJV\fyc\fyc_IA\NeuroEvolution\NeuroEvolution\ES_Snake.cpp(78,26): warning C4305: 'initialisation' : troncation de 'double' à 'float'
C:\projets\scolaire\53DJV\fyc\fyc_IA\NeuroEvolution\NeuroEvolution\ES_Snake.cpp(90,32): warning C4305: '=' : troncation de 'double' à 'float'
C:\projets\scolaire\53DJV\fyc\fyc_IA\NeuroEvolution\NeuroEvolution\ES_Snake.cpp(147,18): warning C4244: '=' : conversion de 'int' en '_Ty', perte possible de données
          with
          [
              _Ty=float
          ]
C:\projets\scolaire\53DJV\fyc\fyc_IA\NeuroEvolution\NeuroEvolution\ES_Snake.cpp(151,22): warning C4244: '=' : conversion de 'int' en '_Ty', perte possible de données
          with
          [
              _Ty=float
          ]
C:\projets\scolaire\53DJV\fyc\fyc_IA\NeuroEvolution\NeuroEvolution\ES_Snake.cpp(222,29): warning C4244: 'initialisation' : conversion de 'int' en 'float', perte possible de données
C:\projets\scolaire\53DJV\fyc\fyc_IA\NeuroEvolution\NeuroEvolution\ES_Snake.cpp(225,29): warning C4244: 'initialisation' : conversion de 'float' en 'int', perte possible de données
C:\projets\scolaire\53DJV\fyc\fyc_IA\NeuroEvolution\NeuroEvolution\ES_Snake.cpp(288,31): warning C4244: '=' : conversion de 'int' en '_Ty', perte possible de données
          with
          [
              _Ty=float
          ]
C:\projets\scolaire\53DJV\fyc\fyc_IA\NeuroEvolution\NeuroEvolution\ES_Snake.cpp(529,36): warning C4244: '+=' : conversion de 'double' en 'float', perte possible de données
C:\projets\scolaire\53DJV\fyc\fyc_IA\NeuroEvolution\NeuroEvolution\ES_Snake.cpp(532,23): warning C4244: 'return' : conversion de 'float' en 'int', perte possible de données
  Genome.cpp
C:\projets\scolaire\53DJV\fyc\fyc_IA\NeuroEvolution\NeuroEvolution\Utils.h(20,52): warning C4244: 'return' : conversion de 'double' en 'float', perte possible de données
C:\projets\scolaire\53DJV\fyc\fyc_IA\NeuroEvolution\NeuroEvolution\Activation.h(48,51): warning C4244: 'return' : conversion de 'int' en 'float', perte possible de données
C:\projets\scolaire\53DJV\fyc\fyc_IA\NeuroEvolution\NeuroEvolution\Activation.h(66,51): warning C4244: 'return' : conversion de 'int' en 'float', perte possible de données
C:\projets\scolaire\53DJV\fyc\fyc_IA\NeuroEvolution\NeuroEvolution\Activation.h(91,51): warning C4244: 'return' : conversion de 'double' en 'float', perte possible de données
C:\projets\scolaire\53DJV\fyc\fyc_IA\NeuroEvolution\NeuroEvolution\Activation.h(118,76): warning C4244: 'return' : conversion de 'double' en 'float', perte possible de données
C:\projets\scolaire\53DJV\fyc\fyc_IA\NeuroEvolution\NeuroEvolution\Activation.h(127,77): warning C4244: 'return' : conversion de 'double' en 'float', perte possible de données
C:\projets\scolaire\53DJV\fyc\fyc_IA\NeuroEvolution\NeuroEvolution\Activation.h(134,70): warning C4244: 'return' : conversion de 'double' en 'float', perte possible de données
C:\projets\scolaire\53DJV\fyc\fyc_IA\NeuroEvolution\NeuroEvolution\Activation.h(143,51): warning C4244: 'return' : conversion de 'double' en 'float', perte possible de données
C:\projets\scolaire\53DJV\fyc\fyc_IA\NeuroEvolution\NeuroEvolution\Genome.cpp(27,72): warning C4267: 'argument' : conversion de 'size_t' en 'int', perte possible de données
C:\projets\scolaire\53DJV\fyc\fyc_IA\NeuroEvolution\NeuroEvolution\Genome.cpp(58,49): warning C4267: '=' : conversion de 'size_t' en 'unsigned int', perte possible de données
C:\projets\scolaire\53DJV\fyc\fyc_IA\NeuroEvolution\NeuroEvolution\Genome.cpp(90,44): warning C4267: 'argument' : conversion de 'size_t' en 'int', perte possible de données
C:\projets\scolaire\53DJV\fyc\fyc_IA\NeuroEvolution\NeuroEvolution\Genome.cpp(91,44): warning C4267: 'argument' : conversion de 'size_t' en 'int', perte possible de données
C:\projets\scolaire\53DJV\fyc\fyc_IA\NeuroEvolution\NeuroEvolution\Genome.cpp(95,17): warning C4101: 'err' : variable locale non référencée
C:\projets\scolaire\53DJV\fyc\fyc_IA\NeuroEvolution\NeuroEvolution\Genome.cpp(137,64): warning C4267: 'argument' : conversion de 'size_t' en 'int', perte possible de données
C:\projets\scolaire\53DJV\fyc\fyc_IA\NeuroEvolution\NeuroEvolution\Genome.cpp(158,40): warning C4267: 'initialisation' : conversion de 'size_t' en 'unsigned int', perte possible de données
C:\projets\scolaire\53DJV\fyc\fyc_IA\NeuroEvolution\NeuroEvolution\Genome.cpp(230,73): warning C4267: 'argument' : conversion de 'size_t' en 'int', perte possible de données
C:\projets\scolaire\53DJV\fyc\fyc_IA\NeuroEvolution\NeuroEvolution\Genome.cpp(245,68): warning C4267: 'argument' : conversion de 'size_t' en 'int', perte possible de données
C:\projets\scolaire\53DJV\fyc\fyc_IA\NeuroEvolution\NeuroEvolution\Genome.cpp(245,68): warning C4305: 'argument' : troncation de 'double' à 'float'
C:\projets\scolaire\53DJV\fyc\fyc_IA\NeuroEvolution\NeuroEvolution\Genome.cpp(248,71): warning C4267: 'argument' : conversion de 'size_t' en 'int', perte possible de données
C:\projets\scolaire\53DJV\fyc\fyc_IA\NeuroEvolution\NeuroEvolution\Genome.cpp(286,33): warning C4244: '=' : conversion de 'unsigned __int64' en 'float', perte possible de données
C:\projets\scolaire\53DJV\fyc\fyc_IA\NeuroEvolution\NeuroEvolution\Genome.cpp(287,25): warning C4244: '=' : conversion de 'double' en 'float', perte possible de données
C:\projets\scolaire\53DJV\fyc\fyc_IA\NeuroEvolution\NeuroEvolution\Genome.cpp(316,29): warning C4305: '=' : troncation de 'double' à 'float'
C:\projets\scolaire\53DJV\fyc\fyc_IA\NeuroEvolution\NeuroEvolution\Genome.cpp(317,33): warning C4305: '=' : troncation de 'double' à 'float'
C:\projets\scolaire\53DJV\fyc\fyc_IA\NeuroEvolution\NeuroEvolution\Genome.cpp(322,33): warning C4305: '=' : troncation de 'double' à 'float'
C:\projets\scolaire\53DJV\fyc\fyc_IA\NeuroEvolution\NeuroEvolution\Genome.cpp(328,34): warning C4244: '=' : conversion de 'double' en 'float', perte possible de données
C:\projets\scolaire\53DJV\fyc\fyc_IA\NeuroEvolution\NeuroEvolution\Genome.cpp(329,45): warning C4244: '=' : conversion de 'double' en 'float', perte possible de données
C:\projets\scolaire\53DJV\fyc\fyc_IA\NeuroEvolution\NeuroEvolution\Genome.cpp(332,34): warning C4244: '=' : conversion de 'double' en 'float', perte possible de données
C:\projets\scolaire\53DJV\fyc\fyc_IA\NeuroEvolution\NeuroEvolution\Genome.cpp(333,38): warning C4244: '=' : conversion de 'double' en 'float', perte possible de données
C:\projets\scolaire\53DJV\fyc\fyc_IA\NeuroEvolution\NeuroEvolution\Genome.cpp(382,73): warning C4267: 'argument' : conversion de 'size_t' en 'int', perte possible de données
C:\projets\scolaire\53DJV\fyc\fyc_IA\NeuroEvolution\NeuroEvolution\Genome.cpp(385,73): warning C4267: 'argument' : conversion de 'size_t' en 'int', perte possible de données
  Hyperneat.cpp
C:\projets\scolaire\53DJV\fyc\fyc_IA\NeuroEvolution\NeuroEvolution\Activation.h(48,51): warning C4244: 'return' : conversion de 'int' en 'float', perte possible de données
C:\projets\scolaire\53DJV\fyc\fyc_IA\NeuroEvolution\NeuroEvolution\Activation.h(66,51): warning C4244: 'return' : conversion de 'int' en 'float', perte possible de données
C:\projets\scolaire\53DJV\fyc\fyc_IA\NeuroEvolution\NeuroEvolution\Activation.h(91,51): warning C4244: 'return' : conversion de 'double' en 'float', perte possible de données
C:\projets\scolaire\53DJV\fyc\fyc_IA\NeuroEvolution\NeuroEvolution\Activation.h(118,76): warning C4244: 'return' : conversion de 'double' en 'float', perte possible de données
C:\projets\scolaire\53DJV\fyc\fyc_IA\NeuroEvolution\NeuroEvolution\Activation.h(127,77): warning C4244: 'return' : conversion de 'double' en 'float', perte possible de données
C:\projets\scolaire\53DJV\fyc\fyc_IA\NeuroEvolution\NeuroEvolution\Activation.h(134,70): warning C4244: 'return' : conversion de 'double' en 'float', perte possible de données
C:\projets\scolaire\53DJV\fyc\fyc_IA\NeuroEvolution\NeuroEvolution\Activation.h(143,51): warning C4244: 'return' : conversion de 'double' en 'float', perte possible de données
C:\projets\scolaire\53DJV\fyc\fyc_IA\NeuroEvolution\NeuroEvolution\Utils.h(20,52): warning C4244: 'return' : conversion de 'double' en 'float', perte possible de données
C:\projets\scolaire\53DJV\fyc\fyc_IA\NeuroEvolution\NeuroEvolution\NeuralNetwork.h(24,37): warning C4267: 'return' : conversion de 'size_t' en 'unsigned int', perte possible de données
C:\projets\scolaire\53DJV\fyc\fyc_IA\NeuroEvolution\NeuroEvolution\NeuralNetwork.h(26,38): warning C4267: 'return' : conversion de 'size_t' en 'unsigned int', perte possible de données
C:\projets\scolaire\53DJV\fyc\fyc_IA\NeuroEvolution\NeuroEvolution\NeuralNetwork.h(27,39): warning C4267: 'return' : conversion de 'size_t' en 'unsigned int', perte possible de données
C:\projets\scolaire\53DJV\fyc\fyc_IA\NeuroEvolution\NeuroEvolution\Neat.h(90,33): warning C4267: 'return' : conversion de 'size_t' en 'int', perte possible de données
C:\projets\scolaire\53DJV\fyc\fyc_IA\NeuroEvolution\NeuroEvolution\Hyperneat.cpp(69,22): warning C4244: 'initialisation' : conversion de 'unsigned __int64' en 'float', perte possible de données
C:\projets\scolaire\53DJV\fyc\fyc_IA\NeuroEvolution\NeuroEvolution\Hyperneat.cpp(72,22): warning C4244: 'initialisation' : conversion de 'float' en 'int', perte possible de données
C:\projets\scolaire\53DJV\fyc\fyc_IA\NeuroEvolution\NeuroEvolution\Hyperneat.cpp(83,25): warning C4244: '=' : conversion de 'float' en 'int', perte possible de données
C:\projets\scolaire\53DJV\fyc\fyc_IA\NeuroEvolution\NeuroEvolution\Hyperneat.cpp(91,49): warning C4244: '+=' : conversion de 'float' en 'int', perte possible de données
C:\projets\scolaire\53DJV\fyc\fyc_IA\NeuroEvolution\NeuroEvolution\Hyperneat.cpp(92,54): warning C4244: '+=' : conversion de 'float' en 'int', perte possible de données
C:\projets\scolaire\53DJV\fyc\fyc_IA\NeuroEvolution\NeuroEvolution\Hyperneat.cpp(123,42): warning C4018: '<' : incompatibilité signed/unsigned
C:\projets\scolaire\53DJV\fyc\fyc_IA\NeuroEvolution\NeuroEvolution\Hyperneat.cpp(142,48): warning C4267: 'argument' : conversion de 'size_t' en 'int', perte possible de données
C:\projets\scolaire\53DJV\fyc\fyc_IA\NeuroEvolution\NeuroEvolution\Hyperneat.cpp(152,67): warning C4267: 'argument' : conversion de 'size_t' en 'int', perte possible de données
C:\projets\scolaire\53DJV\fyc\fyc_IA\NeuroEvolution\NeuroEvolution\Hyperneat.cpp(163,73): warning C4267: 'argument' : conversion de 'size_t' en 'int', perte possible de données
C:\Program Files (x86)\Microsoft Visual Studio\2019\Community\VC\Tools\MSVC\14.29.30133\include\type_traits(1540,77): warning C4244: 'argument' : conversion de 'float' en 'int', perte possible de données
C:\Program Files (x86)\Microsoft Visual Studio\2019\Community\VC\Tools\MSVC\14.29.30133\include\thread(51): message : voir la référence à l'instanciation de la fonction modèle 'void std::invoke<void(__cdecl Hyperneat::* )(int,int),Hyperneat*,int,float>(_Callable &&,_Ty1 &&,int &&,float &&) noexcept(false)' en cours de compilation
          with
          [
              _Callable=void (__cdecl Hyperneat::* )(int,int),
              _Ty1=Hyperneat *
          ]
C:\Program Files (x86)\Microsoft Visual Studio\2019\Community\VC\Tools\MSVC\14.29.30133\include\thread(61): message : voir la référence à l'instanciation de la fonction modèle 'unsigned int std::thread::_Invoke<_Tuple,0,1,2,3>(void *) noexcept' en cours de compilation
          with
          [
              _Tuple=_Tuple
          ]
C:\Program Files (x86)\Microsoft Visual Studio\2019\Community\VC\Tools\MSVC\14.29.30133\include\thread(66): message : voir la référence à l'instanciation de la fonction modèle 'unsigned int (__cdecl *std::thread::_Get_invoke<_Tuple,0,1,2,3>(std::integer_sequence<size_t,0,1,2,3>) noexcept)(void *) noexcept' en cours de compilation
C:\Program Files (x86)\Microsoft Visual Studio\2019\Community\VC\Tools\MSVC\14.29.30133\include\thread(89): message : voir la référence à l'instanciation de la fonction modèle 'void std::thread::_Start<_Ty,Hyperneat*,int&,float>(_Fn &&,Hyperneat *&&,int &,float &&)' en cours de compilation
          with
          [
              _Ty=void (__cdecl Hyperneat::* )(int,int),
              _Fn=void (__cdecl Hyperneat::* )(int,int)
          ]
C:\projets\scolaire\53DJV\fyc\fyc_IA\NeuroEvolution\NeuroEvolution\Hyperneat.cpp(89): message : voir la référence à l'instanciation de la fonction modèle 'std::thread::thread<void(__cdecl Hyperneat::* )(int,int),Hyperneat*,int&,float,0>(_Fn &&,Hyperneat *&&,int &,float &&)' en cours de compilation
          with
          [
              _Fn=void (__cdecl Hyperneat::* )(int,int)
          ]
  Neat.cpp
C:\projets\scolaire\53DJV\fyc\fyc_IA\NeuroEvolution\NeuroEvolution\Activation.h(48,51): warning C4244: 'return' : conversion de 'int' en 'float', perte possible de données
C:\projets\scolaire\53DJV\fyc\fyc_IA\NeuroEvolution\NeuroEvolution\Activation.h(66,51): warning C4244: 'return' : conversion de 'int' en 'float', perte possible de données
C:\projets\scolaire\53DJV\fyc\fyc_IA\NeuroEvolution\NeuroEvolution\Activation.h(91,51): warning C4244: 'return' : conversion de 'double' en 'float', perte possible de données
C:\projets\scolaire\53DJV\fyc\fyc_IA\NeuroEvolution\NeuroEvolution\Activation.h(118,76): warning C4244: 'return' : conversion de 'double' en 'float', perte possible de données
C:\projets\scolaire\53DJV\fyc\fyc_IA\NeuroEvolution\NeuroEvolution\Activation.h(127,77): warning C4244: 'return' : conversion de 'double' en 'float', perte possible de données
C:\projets\scolaire\53DJV\fyc\fyc_IA\NeuroEvolution\NeuroEvolution\Activation.h(134,70): warning C4244: 'return' : conversion de 'double' en 'float', perte possible de données
C:\projets\scolaire\53DJV\fyc\fyc_IA\NeuroEvolution\NeuroEvolution\Activation.h(143,51): warning C4244: 'return' : conversion de 'double' en 'float', perte possible de données
C:\projets\scolaire\53DJV\fyc\fyc_IA\NeuroEvolution\NeuroEvolution\Utils.h(20,52): warning C4244: 'return' : conversion de 'double' en 'float', perte possible de données
C:\projets\scolaire\53DJV\fyc\fyc_IA\NeuroEvolution\NeuroEvolution\NeuralNetwork.h(24,37): warning C4267: 'return' : conversion de 'size_t' en 'unsigned int', perte possible de données
C:\projets\scolaire\53DJV\fyc\fyc_IA\NeuroEvolution\NeuroEvolution\NeuralNetwork.h(26,38): warning C4267: 'return' : conversion de 'size_t' en 'unsigned int', perte possible de données
C:\projets\scolaire\53DJV\fyc\fyc_IA\NeuroEvolution\NeuroEvolution\NeuralNetwork.h(27,39): warning C4267: 'return' : conversion de 'size_t' en 'unsigned int', perte possible de données
C:\projets\scolaire\53DJV\fyc\fyc_IA\NeuroEvolution\NeuroEvolution\Neat.h(90,33): warning C4267: 'return' : conversion de 'size_t' en 'int', perte possible de données
C:\projets\scolaire\53DJV\fyc\fyc_IA\NeuroEvolution\NeuroEvolution\Neat.cpp(65,16): warning C4244: 'initialisation' : conversion de '_Rep' en 'unsigned int', perte possible de données
          with
          [
              _Rep=std::chrono::system_clock::rep
          ]
C:\projets\scolaire\53DJV\fyc\fyc_IA\NeuroEvolution\NeuroEvolution\Neat.cpp(138,75): warning C4267: 'argument' : conversion de 'size_t' en 'int', perte possible de données
C:\projets\scolaire\53DJV\fyc\fyc_IA\NeuroEvolution\NeuroEvolution\Neat.cpp(257,123): warning C4244: '+=' : conversion de 'double' en 'float', perte possible de données
C:\projets\scolaire\53DJV\fyc\fyc_IA\NeuroEvolution\NeuroEvolution\Neat.cpp(259,77): warning C4305: '=' : troncation de 'double' à 'float'
C:\projets\scolaire\53DJV\fyc\fyc_IA\NeuroEvolution\NeuroEvolution\Neat.cpp(306,20): warning C4018: '<' : incompatibilité signed/unsigned
C:\projets\scolaire\53DJV\fyc\fyc_IA\NeuroEvolution\NeuroEvolution\Neat.cpp(326,20): warning C4018: '<' : incompatibilité signed/unsigned
C:\projets\scolaire\53DJV\fyc\fyc_IA\NeuroEvolution\NeuroEvolution\Neat.cpp(336,35): warning C4018: '>=' : incompatibilité signed/unsigned
C:\projets\scolaire\53DJV\fyc\fyc_IA\NeuroEvolution\NeuroEvolution\Neat.cpp(355,21): warning C4018: '<' : incompatibilité signed/unsigned
C:\projets\scolaire\53DJV\fyc\fyc_IA\NeuroEvolution\NeuroEvolution\Neat.cpp(367,25): warning C4018: '>' : incompatibilité signed/unsigned
C:\projets\scolaire\53DJV\fyc\fyc_IA\NeuroEvolution\NeuroEvolution\Neat.cpp(380,26): warning C4018: '>' : incompatibilité signed/unsigned
C:\projets\scolaire\53DJV\fyc\fyc_IA\NeuroEvolution\NeuroEvolution\Neat.cpp(401,102): warning C4018: '<' : incompatibilité signed/unsigned
C:\projets\scolaire\53DJV\fyc\fyc_IA\NeuroEvolution\NeuroEvolution\Neat.cpp(452,25): warning C4018: '>=' : incompatibilité signed/unsigned
C:\projets\scolaire\53DJV\fyc\fyc_IA\NeuroEvolution\NeuroEvolution\Neat.cpp(495,20): warning C4018: '<' : incompatibilité signed/unsigned
C:\projets\scolaire\53DJV\fyc\fyc_IA\NeuroEvolution\NeuroEvolution\Neat.cpp(527,22): warning C4244: 'initialisation' : conversion de 'unsigned __int64' en 'float', perte possible de données
C:\projets\scolaire\53DJV\fyc\fyc_IA\NeuroEvolution\NeuroEvolution\Neat.cpp(529,22): warning C4244: 'initialisation' : conversion de 'float' en 'int', perte possible de données
C:\projets\scolaire\53DJV\fyc\fyc_IA\NeuroEvolution\NeuroEvolution\Neat.cpp(539,25): warning C4244: '=' : conversion de 'float' en 'int', perte possible de données
C:\projets\scolaire\53DJV\fyc\fyc_IA\NeuroEvolution\NeuroEvolution\Neat.cpp(548,49): warning C4244: '+=' : conversion de 'float' en 'int', perte possible de données
C:\projets\scolaire\53DJV\fyc\fyc_IA\NeuroEvolution\NeuroEvolution\Neat.cpp(593,20): warning C4018: '<' : incompatibilité signed/unsigned
C:\projets\scolaire\53DJV\fyc\fyc_IA\NeuroEvolution\NeuroEvolution\Neat.cpp(666,29): warning C4018: '<' : incompatibilité signed/unsigned
C:\projets\scolaire\53DJV\fyc\fyc_IA\NeuroEvolution\NeuroEvolution\Neat.cpp(721,142): warning C4267: 'argument' : conversion de 'size_t' en 'int', perte possible de données
C:\projets\scolaire\53DJV\fyc\fyc_IA\NeuroEvolution\NeuroEvolution\Neat.cpp(724,61): warning C4267: 'argument' : conversion de 'size_t' en 'int', perte possible de données
C:\projets\scolaire\53DJV\fyc\fyc_IA\NeuroEvolution\NeuroEvolution\Neat.cpp(740,144): warning C4267: 'argument' : conversion de 'size_t' en 'int', perte possible de données
C:\projets\scolaire\53DJV\fyc\fyc_IA\NeuroEvolution\NeuroEvolution\Neat.cpp(743,63): warning C4267: 'argument' : conversion de 'size_t' en 'int', perte possible de données
C:\projets\scolaire\53DJV\fyc\fyc_IA\NeuroEvolution\NeuroEvolution\Neat.cpp(783,145): warning C4267: 'argument' : conversion de 'size_t' en 'int', perte possible de données
C:\projets\scolaire\53DJV\fyc\fyc_IA\NeuroEvolution\NeuroEvolution\Neat.cpp(786,63): warning C4267: 'argument' : conversion de 'size_t' en 'int', perte possible de données
C:\projets\scolaire\53DJV\fyc\fyc_IA\NeuroEvolution\NeuroEvolution\Neat.cpp(862,54): warning C4244: 'argument' : conversion de 'double' en 'float', perte possible de données
C:\projets\scolaire\53DJV\fyc\fyc_IA\NeuroEvolution\NeuroEvolution\Neat.cpp(983,45): warning C4244: '=' : conversion de 'unsigned __int64' en 'float', perte possible de données
C:\Program Files (x86)\Microsoft Visual Studio\2019\Community\VC\Tools\MSVC\14.29.30133\include\type_traits(1540,77): warning C4244: 'argument' : conversion de 'float' en 'int', perte possible de données
C:\Program Files (x86)\Microsoft Visual Studio\2019\Community\VC\Tools\MSVC\14.29.30133\include\thread(51): message : voir la référence à l'instanciation de la fonction modèle 'void std::invoke<void(__cdecl Neat::* )(int,std::_List_iterator<std::_List_val<std::_List_simple_types<_Ty>>>,int,std::list<_Ty,std::allocator<_Ty>> &,Genome *,std::mutex *),Neat*,float,std::_List_iterator<std::_List_val<std::_List_simple_types<_Ty>>>,int,std::reference_wrapper<std::list<_Ty,std::allocator<_Ty>>>,Genome*,std::mutex*>(_Callable &&,_Ty1 &&,float &&,std::_List_iterator<std::_List_val<std::_List_simple_types<_Ty>>> &&,int &&,std::reference_wrapper<std::list<_Ty,std::allocator<_Ty>>> &&,Genome *&&,std::mutex *&&) noexcept(false)' en cours de compilation
          with
          [
              _Ty=Species *,
              _Callable=void (__cdecl Neat::* )(int,std::_List_iterator<std::_List_val<std::_List_simple_types<Species *>>>,int,std::list<Species *,std::allocator<Species *>> &,Genome *,std::mutex *),
              _Ty1=Neat *
          ]
C:\Program Files (x86)\Microsoft Visual Studio\2019\Community\VC\Tools\MSVC\14.29.30133\include\thread(61): message : voir la référence à l'instanciation de la fonction modèle 'unsigned int std::thread::_Invoke<_Tuple,0,1,2,3,4,5,6,7>(void *) noexcept' en cours de compilation
          with
          [
              _Tuple=_Tuple
          ]
C:\Program Files (x86)\Microsoft Visual Studio\2019\Community\VC\Tools\MSVC\14.29.30133\include\thread(66): message : voir la référence à l'instanciation de la fonction modèle 'unsigned int (__cdecl *std::thread::_Get_invoke<_Tuple,0,1,2,3,4,5,6,7>(std::integer_sequence<size_t,0,1,2,3,4,5,6,7>) noexcept)(void *) noexcept' en cours de compilation
C:\Program Files (x86)\Microsoft Visual Studio\2019\Community\VC\Tools\MSVC\14.29.30133\include\thread(89): message : voir la référence à l'instanciation de la fonction modèle 'void std::thread::_Start<_Ty,Neat*,float,std::_List_iterator<std::_List_val<std::_List_simple_types<Species*>>>&,int&,std::reference_wrapper<std::list<Species *,std::allocator<Species *>>>,Genome*&,std::mutex*>(_Fn &&,Neat *&&,float &&,std::_List_iterator<std::_List_val<std::_List_simple_types<Species*>>> &,int &,std::reference_wrapper<std::list<Species *,std::allocator<Species *>>> &&,Genome *&,std::mutex *&&)' en cours de compilation
          with
          [
              _Ty=void (__cdecl Neat::* )(int,std::_List_iterator<std::_List_val<std::_List_simple_types<Species *>>>,int,std::list<Species *,std::allocator<Species *>> &,Genome *,std::mutex *),
              _Fn=void (__cdecl Neat::* )(int,std::_List_iterator<std::_List_val<std::_List_simple_types<Species *>>>,int,std::list<Species *,std::allocator<Species *>> &,Genome *,std::mutex *)
          ]
C:\projets\scolaire\53DJV\fyc\fyc_IA\NeuroEvolution\NeuroEvolution\Neat.cpp(546): message : voir la référence à l'instanciation de la fonction modèle 'std::thread::thread<void(__cdecl Neat::* )(int,std::_List_iterator<std::_List_val<std::_List_simple_types<_Ty>>>,int,std::list<_Ty,std::allocator<_Ty>> &,Genome *,std::mutex *),Neat*,float,std::_List_iterator<std::_List_val<std::_List_simple_types<_Ty>>>&,int&,std::reference_wrapper<std::list<_Ty,std::allocator<_Ty>>>,Genome*&,std::mutex*,0>(_Fn &&,Neat *&&,float &&,std::_List_iterator<std::_List_val<std::_List_simple_types<_Ty>>> &,int &,std::reference_wrapper<std::list<_Ty,std::allocator<_Ty>>> &&,Genome *&,std::mutex *&&)' en cours de compilation
          with
          [
              _Ty=Species *,
              _Fn=void (__cdecl Neat::* )(int,std::_List_iterator<std::_List_val<std::_List_simple_types<Species *>>>,int,std::list<Species *,std::allocator<Species *>> &,Genome *,std::mutex *)
          ]
  NeuralNetwork.cpp
C:\projets\scolaire\53DJV\fyc\fyc_IA\NeuroEvolution\NeuroEvolution\Activation.h(48,51): warning C4244: 'return' : conversion de 'int' en 'float', perte possible de données
C:\projets\scolaire\53DJV\fyc\fyc_IA\NeuroEvolution\NeuroEvolution\Activation.h(66,51): warning C4244: 'return' : conversion de 'int' en 'float', perte possible de données
C:\projets\scolaire\53DJV\fyc\fyc_IA\NeuroEvolution\NeuroEvolution\Activation.h(91,51): warning C4244: 'return' : conversion de 'double' en 'float', perte possible de données
C:\projets\scolaire\53DJV\fyc\fyc_IA\NeuroEvolution\NeuroEvolution\Activation.h(118,76): warning C4244: 'return' : conversion de 'double' en 'float', perte possible de données
C:\projets\scolaire\53DJV\fyc\fyc_IA\NeuroEvolution\NeuroEvolution\Activation.h(127,77): warning C4244: 'return' : conversion de 'double' en 'float', perte possible de données
C:\projets\scolaire\53DJV\fyc\fyc_IA\NeuroEvolution\NeuroEvolution\Activation.h(134,70): warning C4244: 'return' : conversion de 'double' en 'float', perte possible de données
C:\projets\scolaire\53DJV\fyc\fyc_IA\NeuroEvolution\NeuroEvolution\Activation.h(143,51): warning C4244: 'return' : conversion de 'double' en 'float', perte possible de données
C:\projets\scolaire\53DJV\fyc\fyc_IA\NeuroEvolution\NeuroEvolution\Utils.h(20,52): warning C4244: 'return' : conversion de 'double' en 'float', perte possible de données
C:\projets\scolaire\53DJV\fyc\fyc_IA\NeuroEvolution\NeuroEvolution\NeuralNetwork.h(24,37): warning C4267: 'return' : conversion de 'size_t' en 'unsigned int', perte possible de données
C:\projets\scolaire\53DJV\fyc\fyc_IA\NeuroEvolution\NeuroEvolution\NeuralNetwork.h(26,38): warning C4267: 'return' : conversion de 'size_t' en 'unsigned int', perte possible de données
C:\projets\scolaire\53DJV\fyc\fyc_IA\NeuroEvolution\NeuroEvolution\NeuralNetwork.h(27,39): warning C4267: 'return' : conversion de 'size_t' en 'unsigned int', perte possible de données
C:\projets\scolaire\53DJV\fyc\fyc_IA\NeuroEvolution\NeuroEvolution\NeuralNetwork.cpp(88,19): warning C4267: 'return' : conversion de 'size_t' en 'unsigned int', perte possible de données
C:\projets\scolaire\53DJV\fyc\fyc_IA\NeuroEvolution\NeuroEvolution\NeuralNetwork.cpp(281,42): warning C4267: 'argument' : conversion de 'size_t' en 'int', perte possible de données
C:\projets\scolaire\53DJV\fyc\fyc_IA\NeuroEvolution\NeuroEvolution\NeuralNetwork.cpp(289,78): warning C4267: 'argument' : conversion de 'size_t' en 'int', perte possible de données
C:\projets\scolaire\53DJV\fyc\fyc_IA\NeuroEvolution\NeuroEvolution\NeuralNetwork.cpp(312,22): warning C4244: 'initialisation' : conversion de 'int' en 'float', perte possible de données
C:\projets\scolaire\53DJV\fyc\fyc_IA\NeuroEvolution\NeuroEvolution\NeuralNetwork.cpp(315,22): warning C4244: 'initialisation' : conversion de 'float' en 'int', perte possible de données
C:\projets\scolaire\53DJV\fyc\fyc_IA\NeuroEvolution\NeuroEvolution\NeuralNetwork.cpp(327,26): warning C4244: '=' : conversion de 'float' en 'int', perte possible de données
C:\projets\scolaire\53DJV\fyc\fyc_IA\NeuroEvolution\NeuroEvolution\NeuralNetwork.cpp(335,50): warning C4244: '+=' : conversion de 'float' en 'int', perte possible de données
C:\projets\scolaire\53DJV\fyc\fyc_IA\NeuroEvolution\NeuroEvolution\NeuralNetwork.cpp(342,55): warning C4244: '+=' : conversion de 'float' en 'int', perte possible de données
C:\Program Files (x86)\Microsoft Visual Studio\2019\Community\VC\Tools\MSVC\14.29.30133\include\utility(186,48): warning C4267: 'initialisation' : conversion de 'size_t' en '_Ty2', perte possible de données
          with
          [
              _Ty2=unsigned int
          ]
C:\projets\scolaire\53DJV\fyc\fyc_IA\NeuroEvolution\NeuroEvolution\NeuralNetwork.cpp(125): message : voir la référence à l'instanciation de la fonction modèle 'std::pair<unsigned int,unsigned int>::pair<unsigned int&,unsigned __int64,0>(_Other1,_Other2 &&) noexcept' en cours de compilation
          with
          [
              _Other1=unsigned int &,
              _Other2=unsigned __int64
          ]
C:\projets\scolaire\53DJV\fyc\fyc_IA\NeuroEvolution\NeuroEvolution\NeuralNetwork.cpp(125): message : voir la référence à l'instanciation de la fonction modèle 'std::pair<unsigned int,unsigned int>::pair<unsigned int&,unsigned __int64,0>(_Other1,_Other2 &&) noexcept' en cours de compilation
          with
          [
              _Other1=unsigned int &,
              _Other2=unsigned __int64
          ]
C:\Program Files (x86)\Microsoft Visual Studio\2019\Community\VC\Tools\MSVC\14.29.30133\include\type_traits(1540,77): warning C4244: 'argument' : conversion de 'float' en 'int', perte possible de données
C:\Program Files (x86)\Microsoft Visual Studio\2019\Community\VC\Tools\MSVC\14.29.30133\include\thread(51): message : voir la référence à l'instanciation de la fonction modèle 'void std::invoke<void(__cdecl NeuralNetwork::* )(int,int,std::_Deque_iterator<std::_Deque_val<std::_Deque_simple_types<_Ty>>>,bool,std::vector<float,std::allocator<float>> *),NeuralNetwork*,float,int,std::_Deque_iterator<std::_Deque_val<std::_Deque_simple_types<_Ty>>>,bool,std::vector<float,std::allocator<float>>*>(_Callable &&,_Ty1 &&,float &&,int &&,std::_Deque_iterator<std::_Deque_val<std::_Deque_simple_types<_Ty>>> &&,bool &&,std::vector<float,std::allocator<float>> *&&) noexcept(false)' en cours de compilation
          with
          [
              _Ty=Node,
              _Callable=void (__cdecl NeuralNetwork::* )(int,int,std::_Deque_iterator<std::_Deque_val<std::_Deque_simple_types<Node>>>,bool,std::vector<float,std::allocator<float>> *),
              _Ty1=NeuralNetwork *
          ]
C:\Program Files (x86)\Microsoft Visual Studio\2019\Community\VC\Tools\MSVC\14.29.30133\include\thread(61): message : voir la référence à l'instanciation de la fonction modèle 'unsigned int std::thread::_Invoke<_Tuple,0,1,2,3,4,5,6>(void *) noexcept' en cours de compilation
          with
          [
              _Tuple=_Tuple
          ]
C:\Program Files (x86)\Microsoft Visual Studio\2019\Community\VC\Tools\MSVC\14.29.30133\include\thread(66): message : voir la référence à l'instanciation de la fonction modèle 'unsigned int (__cdecl *std::thread::_Get_invoke<_Tuple,0,1,2,3,4,5,6>(std::integer_sequence<size_t,0,1,2,3,4,5,6>) noexcept)(void *) noexcept' en cours de compilation
C:\Program Files (x86)\Microsoft Visual Studio\2019\Community\VC\Tools\MSVC\14.29.30133\include\thread(89): message : voir la référence à l'instanciation de la fonction modèle 'void std::thread::_Start<_Ty,NeuralNetwork*,float,int&,std::_Deque_iterator<std::_Deque_val<std::_Deque_simple_types<Node>>>&,bool&,std::vector<float,std::allocator<float>>*&>(_Fn &&,NeuralNetwork *&&,float &&,int &,std::_Deque_iterator<std::_Deque_val<std::_Deque_simple_types<Node>>> &,bool &,std::vector<float,std::allocator<float>> *&)' en cours de compilation
          with
          [
              _Ty=void (__cdecl NeuralNetwork::* )(int,int,std::_Deque_iterator<std::_Deque_val<std::_Deque_simple_types<Node>>>,bool,std::vector<float,std::allocator<float>> *),
              _Fn=void (__cdecl NeuralNetwork::* )(int,int,std::_Deque_iterator<std::_Deque_val<std::_Deque_simple_types<Node>>>,bool,std::vector<float,std::allocator<float>> *)
          ]
C:\projets\scolaire\53DJV\fyc\fyc_IA\NeuroEvolution\NeuroEvolution\NeuralNetwork.cpp(333): message : voir la référence à l'instanciation de la fonction modèle 'std::thread::thread<void(__cdecl NeuralNetwork::* )(int,int,std::_Deque_iterator<std::_Deque_val<std::_Deque_simple_types<_Ty>>>,bool,std::vector<float,std::allocator<float>> *),NeuralNetwork*,float,int&,std::_Deque_iterator<std::_Deque_val<std::_Deque_simple_types<_Ty>>>&,bool&,std::vector<float,std::allocator<float>>*&,0>(_Fn &&,NeuralNetwork *&&,float &&,int &,std::_Deque_iterator<std::_Deque_val<std::_Deque_simple_types<_Ty>>> &,bool &,std::vector<float,std::allocator<float>> *&)' en cours de compilation
          with
          [
              _Ty=Node,
              _Fn=void (__cdecl NeuralNetwork::* )(int,int,std::_Deque_iterator<std::_Deque_val<std::_Deque_simple_types<Node>>>,bool,std::vector<float,std::allocator<float>> *)
          ]
  NeuroEvolution.cpp
C:\projets\scolaire\53DJV\fyc\fyc_IA\NeuroEvolution\NeuroEvolution\Activation.h(48,51): warning C4244: 'return' : conversion de 'int' en 'float', perte possible de données
C:\projets\scolaire\53DJV\fyc\fyc_IA\NeuroEvolution\NeuroEvolution\Activation.h(66,51): warning C4244: 'return' : conversion de 'int' en 'float', perte possible de données
C:\projets\scolaire\53DJV\fyc\fyc_IA\NeuroEvolution\NeuroEvolution\Activation.h(91,51): warning C4244: 'return' : conversion de 'double' en 'float', perte possible de données
C:\projets\scolaire\53DJV\fyc\fyc_IA\NeuroEvolution\NeuroEvolution\Activation.h(118,76): warning C4244: 'return' : conversion de 'double' en 'float', perte possible de données
C:\projets\scolaire\53DJV\fyc\fyc_IA\NeuroEvolution\NeuroEvolution\Activation.h(127,77): warning C4244: 'return' : conversion de 'double' en 'float', perte possible de données
C:\projets\scolaire\53DJV\fyc\fyc_IA\NeuroEvolution\NeuroEvolution\Activation.h(134,70): warning C4244: 'return' : conversion de 'double' en 'float', perte possible de données
C:\projets\scolaire\53DJV\fyc\fyc_IA\NeuroEvolution\NeuroEvolution\Activation.h(143,51): warning C4244: 'return' : conversion de 'double' en 'float', perte possible de données
C:\projets\scolaire\53DJV\fyc\fyc_IA\NeuroEvolution\NeuroEvolution\Utils.h(20,52): warning C4244: 'return' : conversion de 'double' en 'float', perte possible de données
C:\projets\scolaire\53DJV\fyc\fyc_IA\NeuroEvolution\NeuroEvolution\NeuralNetwork.h(24,37): warning C4267: 'return' : conversion de 'size_t' en 'unsigned int', perte possible de données
C:\projets\scolaire\53DJV\fyc\fyc_IA\NeuroEvolution\NeuroEvolution\NeuralNetwork.h(26,38): warning C4267: 'return' : conversion de 'size_t' en 'unsigned int', perte possible de données
C:\projets\scolaire\53DJV\fyc\fyc_IA\NeuroEvolution\NeuroEvolution\NeuralNetwork.h(27,39): warning C4267: 'return' : conversion de 'size_t' en 'unsigned int', perte possible de données
C:\projets\scolaire\53DJV\fyc\fyc_IA\NeuroEvolution\NeuroEvolution\Neat.h(90,33): warning C4267: 'return' : conversion de 'size_t' en 'int', perte possible de données
C:\projets\scolaire\53DJV\fyc\fyc_IA\NeuroEvolution\NeuroEvolution\NeuroEvolution.cpp(14,8): warning C4244: 'argument' : conversion de 'time_t' en 'unsigned int', perte possible de données
  Species.cpp
C:\projets\scolaire\53DJV\fyc\fyc_IA\NeuroEvolution\NeuroEvolution\Utils.h(20,52): warning C4244: 'return' : conversion de 'double' en 'float', perte possible de données
C:\projets\scolaire\53DJV\fyc\fyc_IA\NeuroEvolution\NeuroEvolution\Activation.h(48,51): warning C4244: 'return' : conversion de 'int' en 'float', perte possible de données
C:\projets\scolaire\53DJV\fyc\fyc_IA\NeuroEvolution\NeuroEvolution\Activation.h(66,51): warning C4244: 'return' : conversion de 'int' en 'float', perte possible de données
C:\projets\scolaire\53DJV\fyc\fyc_IA\NeuroEvolution\NeuroEvolution\Activation.h(91,51): warning C4244: 'return' : conversion de 'double' en 'float', perte possible de données
C:\projets\scolaire\53DJV\fyc\fyc_IA\NeuroEvolution\NeuroEvolution\Activation.h(118,76): warning C4244: 'return' : conversion de 'double' en 'float', perte possible de données
C:\projets\scolaire\53DJV\fyc\fyc_IA\NeuroEvolution\NeuroEvolution\Activation.h(127,77): warning C4244: 'return' : conversion de 'double' en 'float', perte possible de données
C:\projets\scolaire\53DJV\fyc\fyc_IA\NeuroEvolution\NeuroEvolution\Activation.h(134,70): warning C4244: 'return' : conversion de 'double' en 'float', perte possible de données
C:\projets\scolaire\53DJV\fyc\fyc_IA\NeuroEvolution\NeuroEvolution\Activation.h(143,51): warning C4244: 'return' : conversion de 'double' en 'float', perte possible de données
C:\projets\scolaire\53DJV\fyc\fyc_IA\NeuroEvolution\NeuroEvolution\Species.cpp(68,17): warning C4244: 'initialisation' : conversion de 'float' en 'int', perte possible de données
C:\projets\scolaire\53DJV\fyc\fyc_IA\NeuroEvolution\NeuroEvolution\Species.cpp(69,20): warning C4244: 'initialisation' : conversion de 'double' en 'float', perte possible de données
C:\projets\scolaire\53DJV\fyc\fyc_IA\NeuroEvolution\NeuroEvolution\Species.cpp(78,23): warning C4244: '=' : conversion de 'float' en 'int', perte possible de données
  TestHyperneat.cpp
C:\projets\scolaire\53DJV\fyc\fyc_IA\NeuroEvolution\NeuroEvolution\Activation.h(48,51): warning C4244: 'return' : conversion de 'int' en 'float', perte possible de données
C:\projets\scolaire\53DJV\fyc\fyc_IA\NeuroEvolution\NeuroEvolution\Activation.h(66,51): warning C4244: 'return' : conversion de 'int' en 'float', perte possible de données
C:\projets\scolaire\53DJV\fyc\fyc_IA\NeuroEvolution\NeuroEvolution\Activation.h(91,51): warning C4244: 'return' : conversion de 'double' en 'float', perte possible de données
C:\projets\scolaire\53DJV\fyc\fyc_IA\NeuroEvolution\NeuroEvolution\Activation.h(118,76): warning C4244: 'return' : conversion de 'double' en 'float', perte possible de données
C:\projets\scolaire\53DJV\fyc\fyc_IA\NeuroEvolution\NeuroEvolution\Activation.h(127,77): warning C4244: 'return' : conversion de 'double' en 'float', perte possible de données
C:\projets\scolaire\53DJV\fyc\fyc_IA\NeuroEvolution\NeuroEvolution\Activation.h(134,70): warning C4244: 'return' : conversion de 'double' en 'float', perte possible de données
C:\projets\scolaire\53DJV\fyc\fyc_IA\NeuroEvolution\NeuroEvolution\Activation.h(143,51): warning C4244: 'return' : conversion de 'double' en 'float', perte possible de données
C:\projets\scolaire\53DJV\fyc\fyc_IA\NeuroEvolution\NeuroEvolution\Utils.h(20,52): warning C4244: 'return' : conversion de 'double' en 'float', perte possible de données
C:\projets\scolaire\53DJV\fyc\fyc_IA\NeuroEvolution\NeuroEvolution\NeuralNetwork.h(24,37): warning C4267: 'return' : conversion de 'size_t' en 'unsigned int', perte possible de données
C:\projets\scolaire\53DJV\fyc\fyc_IA\NeuroEvolution\NeuroEvolution\NeuralNetwork.h(26,38): warning C4267: 'return' : conversion de 'size_t' en 'unsigned int', perte possible de données
C:\projets\scolaire\53DJV\fyc\fyc_IA\NeuroEvolution\NeuroEvolution\NeuralNetwork.h(27,39): warning C4267: 'return' : conversion de 'size_t' en 'unsigned int', perte possible de données
C:\projets\scolaire\53DJV\fyc\fyc_IA\NeuroEvolution\NeuroEvolution\Neat.h(90,33): warning C4267: 'return' : conversion de 'size_t' en 'int', perte possible de données
C:\projets\scolaire\53DJV\fyc\fyc_IA\NeuroEvolution\NeuroEvolution\TestHyperneat.cpp(32,30): warning C4305: '=' : troncation de 'double' à 'float'
C:\projets\scolaire\53DJV\fyc\fyc_IA\NeuroEvolution\NeuroEvolution\TestHyperneat.cpp(33,31): warning C4305: '=' : troncation de 'double' à 'float'
C:\projets\scolaire\53DJV\fyc\fyc_IA\NeuroEvolution\NeuroEvolution\TestHyperneat.cpp(36,26): warning C4305: '=' : troncation de 'double' à 'float'
C:\projets\scolaire\53DJV\fyc\fyc_IA\NeuroEvolution\NeuroEvolution\TestHyperneat.cpp(37,31): warning C4305: '=' : troncation de 'double' à 'float'
C:\projets\scolaire\53DJV\fyc\fyc_IA\NeuroEvolution\NeuroEvolution\TestHyperneat.cpp(41,36): warning C4305: '=' : troncation de 'double' à 'float'
C:\projets\scolaire\53DJV\fyc\fyc_IA\NeuroEvolution\NeuroEvolution\TestHyperneat.cpp(45,30): warning C4305: '=' : troncation de 'double' à 'float'
C:\projets\scolaire\53DJV\fyc\fyc_IA\NeuroEvolution\NeuroEvolution\TestHyperneat.cpp(48,26): warning C4305: '=' : troncation de 'double' à 'float'
C:\projets\scolaire\53DJV\fyc\fyc_IA\NeuroEvolution\NeuroEvolution\TestHyperneat.cpp(55,34): warning C4305: '=' : troncation de 'double' à 'float'
C:\projets\scolaire\53DJV\fyc\fyc_IA\NeuroEvolution\NeuroEvolution\TestHyperneat.cpp(57,40): warning C4305: '=' : troncation de 'double' à 'float'
C:\projets\scolaire\53DJV\fyc\fyc_IA\NeuroEvolution\NeuroEvolution\TestHyperneat.cpp(61,28): warning C4305: '=' : troncation de 'double' à 'float'
C:\projets\scolaire\53DJV\fyc\fyc_IA\NeuroEvolution\NeuroEvolution\TestHyperneat.cpp(66,39): warning C4305: '=' : troncation de 'double' à 'float'
C:\projets\scolaire\53DJV\fyc\fyc_IA\NeuroEvolution\NeuroEvolution\TestHyperneat.cpp(100,13): warning C4244: '=' : conversion de 'int' en '_Ty', perte possible de données
          with
          [
              _Ty=float
          ]
C:\projets\scolaire\53DJV\fyc\fyc_IA\NeuroEvolution\NeuroEvolution\TestHyperneat.cpp(104,14): warning C4244: '=' : conversion de 'int' en '_Ty', perte possible de données
          with
          [
              _Ty=float
          ]
C:\projets\scolaire\53DJV\fyc\fyc_IA\NeuroEvolution\NeuroEvolution\TestHyperneat.cpp(151,12): warning C4244: '=' : conversion de 'double' en 'int', perte possible de données
C:\projets\scolaire\53DJV\fyc\fyc_IA\NeuroEvolution\NeuroEvolution\TestHyperneat.cpp(180,20): warning C4244: '=' : conversion de 'double' en '_Ty', perte possible de données
          with
          [
              _Ty=float
          ]
C:\projets\scolaire\53DJV\fyc\fyc_IA\NeuroEvolution\NeuroEvolution\TestHyperneat.cpp(186,23): warning C4244: 'initialisation' : conversion de 'int' en 'float', perte possible de données
C:\projets\scolaire\53DJV\fyc\fyc_IA\NeuroEvolution\NeuroEvolution\TestHyperneat.cpp(189,23): warning C4244: 'initialisation' : conversion de 'float' en 'int', perte possible de données
C:\projets\scolaire\53DJV\fyc\fyc_IA\NeuroEvolution\NeuroEvolution\TestHyperneat.cpp(261,28): warning C4244: '=' : conversion de 'double' en 'int', perte possible de données
C:\projets\scolaire\53DJV\fyc\fyc_IA\NeuroEvolution\NeuroEvolution\TestHyperneat.cpp(277,17): warning C4244: '=' : conversion de 'int' en '_Ty', perte possible de données
          with
          [
              _Ty=float
          ]
C:\projets\scolaire\53DJV\fyc\fyc_IA\NeuroEvolution\NeuroEvolution\TestHyperneat.cpp(278,17): warning C4244: '=' : conversion de 'int' en '_Ty', perte possible de données
          with
          [
              _Ty=float
          ]
  XorTask.cpp
C:\projets\scolaire\53DJV\fyc\fyc_IA\NeuroEvolution\NeuroEvolution\Activation.h(48,51): warning C4244: 'return' : conversion de 'int' en 'float', perte possible de données
C:\projets\scolaire\53DJV\fyc\fyc_IA\NeuroEvolution\NeuroEvolution\Activation.h(66,51): warning C4244: 'return' : conversion de 'int' en 'float', perte possible de données
C:\projets\scolaire\53DJV\fyc\fyc_IA\NeuroEvolution\NeuroEvolution\Activation.h(91,51): warning C4244: 'return' : conversion de 'double' en 'float', perte possible de données
C:\projets\scolaire\53DJV\fyc\fyc_IA\NeuroEvolution\NeuroEvolution\Activation.h(118,76): warning C4244: 'return' : conversion de 'double' en 'float', perte possible de données
C:\projets\scolaire\53DJV\fyc\fyc_IA\NeuroEvolution\NeuroEvolution\Activation.h(127,77): warning C4244: 'return' : conversion de 'double' en 'float', perte possible de données
C:\projets\scolaire\53DJV\fyc\fyc_IA\NeuroEvolution\NeuroEvolution\Activation.h(134,70): warning C4244: 'return' : conversion de 'double' en 'float', perte possible de données
C:\projets\scolaire\53DJV\fyc\fyc_IA\NeuroEvolution\NeuroEvolution\Activation.h(143,51): warning C4244: 'return' : conversion de 'double' en 'float', perte possible de données
C:\projets\scolaire\53DJV\fyc\fyc_IA\NeuroEvolution\NeuroEvolution\Utils.h(20,52): warning C4244: 'return' : conversion de 'double' en 'float', perte possible de données
C:\projets\scolaire\53DJV\fyc\fyc_IA\NeuroEvolution\NeuroEvolution\NeuralNetwork.h(24,37): warning C4267: 'return' : conversion de 'size_t' en 'unsigned int', perte possible de données
C:\projets\scolaire\53DJV\fyc\fyc_IA\NeuroEvolution\NeuroEvolution\NeuralNetwork.h(26,38): warning C4267: 'return' : conversion de 'size_t' en 'unsigned int', perte possible de données
C:\projets\scolaire\53DJV\fyc\fyc_IA\NeuroEvolution\NeuroEvolution\NeuralNetwork.h(27,39): warning C4267: 'return' : conversion de 'size_t' en 'unsigned int', perte possible de données
C:\projets\scolaire\53DJV\fyc\fyc_IA\NeuroEvolution\NeuroEvolution\Neat.h(90,33): warning C4267: 'return' : conversion de 'size_t' en 'int', perte possible de données
C:\projets\scolaire\53DJV\fyc\fyc_IA\NeuroEvolution\NeuroEvolution\XorTask.cpp(12,30): warning C4305: '=' : troncation de 'double' à 'float'
C:\projets\scolaire\53DJV\fyc\fyc_IA\NeuroEvolution\NeuroEvolution\XorTask.cpp(16,31): warning C4305: '=' : troncation de 'double' à 'float'
C:\projets\scolaire\53DJV\fyc\fyc_IA\NeuroEvolution\NeuroEvolution\XorTask.cpp(23,30): warning C4305: '=' : troncation de 'double' à 'float'
C:\projets\scolaire\53DJV\fyc\fyc_IA\NeuroEvolution\NeuroEvolution\XorTask.cpp(25,26): warning C4305: '=' : troncation de 'double' à 'float'
C:\projets\scolaire\53DJV\fyc\fyc_IA\NeuroEvolution\NeuroEvolution\XorTask.cpp(36,34): warning C4305: '=' : troncation de 'double' à 'float'
C:\projets\scolaire\53DJV\fyc\fyc_IA\NeuroEvolution\NeuroEvolution\XorTask.cpp(38,40): warning C4305: '=' : troncation de 'double' à 'float'
C:\projets\scolaire\53DJV\fyc\fyc_IA\NeuroEvolution\NeuroEvolution\XorTask.cpp(42,28): warning C4305: '=' : troncation de 'double' à 'float'
C:\projets\scolaire\53DJV\fyc\fyc_IA\NeuroEvolution\NeuroEvolution\XorTask.cpp(45,39): warning C4305: '=' : troncation de 'double' à 'float'
C:\projets\scolaire\53DJV\fyc\fyc_IA\NeuroEvolution\NeuroEvolution\XorTask.cpp(207,20): warning C4244: '=' : conversion de 'double' en '_Ty', perte possible de données
          with
          [
              _Ty=float
          ]
  Génération de code en cours
  0 of 3315 functions ( 0.0%) were compiled, the rest were copied from previous compilation.
    0 functions were new in current compilation
    4 functions had inline decision re-evaluated but remain unchanged
  Fin de la génération du code
  NeuroEvolution.vcxproj -> C:\projets\scolaire\53DJV\fyc\fyc_IA\NeuroEvolution\NeuroEvolution\x64\Release\NeuroEvolution.exe
