c:\users\cc\documents\unreal projects\fyc_ia\neuroevolution\neuroevolution\x64\release\vc142.pdb
c:\users\cc\documents\unreal projects\fyc_ia\neuroevolution\neuroevolution\x64\release\xortask.obj
c:\users\cc\documents\unreal projects\fyc_ia\neuroevolution\neuroevolution\x64\release\species.obj
c:\users\cc\documents\unreal projects\fyc_ia\neuroevolution\neuroevolution\x64\release\node.obj
c:\users\cc\documents\unreal projects\fyc_ia\neuroevolution\neuroevolution\x64\release\neuroevolution.obj
c:\users\cc\documents\unreal projects\fyc_ia\neuroevolution\neuroevolution\x64\release\neuralnetwork.obj
c:\users\cc\documents\unreal projects\fyc_ia\neuroevolution\neuroevolution\x64\release\neat.obj
c:\users\cc\documents\unreal projects\fyc_ia\neuroevolution\neuroevolution\x64\release\utils.obj
c:\users\cc\documents\unreal projects\fyc_ia\neuroevolution\neuroevolution\x64\release\testhyperneat.obj
c:\users\cc\documents\unreal projects\fyc_ia\neuroevolution\neuroevolution\x64\release\hyperneat.obj
c:\users\cc\documents\unreal projects\fyc_ia\neuroevolution\neuroevolution\x64\release\genome.obj
c:\users\cc\documents\unreal projects\fyc_ia\neuroevolution\neuroevolution\x64\release\genenode.obj
c:\users\cc\documents\unreal projects\fyc_ia\neuroevolution\neuroevolution\x64\release\geneconnection.obj
c:\users\cc\documents\unreal projects\fyc_ia\neuroevolution\neuroevolution\x64\release\es_hyperneat.obj
c:\users\cc\documents\unreal projects\fyc_ia\neuroevolution\neuroevolution\x64\release\cppn_neat.obj
c:\users\cc\documents\unreal projects\fyc_ia\neuroevolution\neuroevolution\x64\release\activation.obj
c:\users\cc\documents\unreal projects\fyc_ia\neuroevolution\neuroevolution\x64\release\es_snake.obj
c:\users\cc\documents\unreal projects\fyc_ia\neuroevolution\x64\release\neuroevolution.exe
c:\users\cc\documents\unreal projects\fyc_ia\neuroevolution\neuroevolution\x64\release\neuroevolution.ipdb
c:\users\cc\documents\unreal projects\fyc_ia\neuroevolution\neuroevolution\x64\release\neuroevolution.iobj
c:\users\cc\documents\unreal projects\fyc_ia\neuroevolution\x64\release\neuroevolution.pdb
c:\users\cc\documents\unreal projects\fyc_ia\neuroevolution\neuroevolution\x64\release\neuroevolution.tlog\cl.command.1.tlog
c:\users\cc\documents\unreal projects\fyc_ia\neuroevolution\neuroevolution\x64\release\neuroevolution.tlog\cl.read.1.tlog
c:\users\cc\documents\unreal projects\fyc_ia\neuroevolution\neuroevolution\x64\release\neuroevolution.tlog\cl.write.1.tlog
c:\users\cc\documents\unreal projects\fyc_ia\neuroevolution\neuroevolution\x64\release\neuroevolution.tlog\link.command.1.tlog
c:\users\cc\documents\unreal projects\fyc_ia\neuroevolution\neuroevolution\x64\release\neuroevolution.tlog\link.read.1.tlog
c:\users\cc\documents\unreal projects\fyc_ia\neuroevolution\neuroevolution\x64\release\neuroevolution.tlog\link.write.1.tlog
