e:\cedric\esgi\neuroevolution\neuroevolution\x64\debug\vc142.pdb
e:\cedric\esgi\neuroevolution\neuroevolution\x64\debug\vc142.idb
c:\users\cc\documents\unreal projects\fyc_ia\neuroevolution\neuroevolution\x64\debug\vc142.pdb
c:\users\cc\documents\unreal projects\fyc_ia\neuroevolution\neuroevolution\x64\debug\vc142.idb
c:\users\cc\documents\unreal projects\fyc_ia\neuroevolution\neuroevolution\x64\debug\xortask.obj
c:\users\cc\documents\unreal projects\fyc_ia\neuroevolution\neuroevolution\x64\debug\species.obj
c:\users\cc\documents\unreal projects\fyc_ia\neuroevolution\neuroevolution\x64\debug\node.obj
c:\users\cc\documents\unreal projects\fyc_ia\neuroevolution\neuroevolution\x64\debug\neuroevolution.obj
c:\users\cc\documents\unreal projects\fyc_ia\neuroevolution\neuroevolution\x64\debug\neuralnetwork.obj
c:\users\cc\documents\unreal projects\fyc_ia\neuroevolution\neuroevolution\x64\debug\neat.obj
c:\users\cc\documents\unreal projects\fyc_ia\neuroevolution\neuroevolution\x64\debug\utils.obj
c:\users\cc\documents\unreal projects\fyc_ia\neuroevolution\neuroevolution\x64\debug\testhyperneat.obj
c:\users\cc\documents\unreal projects\fyc_ia\neuroevolution\neuroevolution\x64\debug\hyperneat.obj
c:\users\cc\documents\unreal projects\fyc_ia\neuroevolution\neuroevolution\x64\debug\genome.obj
c:\users\cc\documents\unreal projects\fyc_ia\neuroevolution\neuroevolution\x64\debug\genenode.obj
c:\users\cc\documents\unreal projects\fyc_ia\neuroevolution\neuroevolution\x64\debug\geneconnection.obj
c:\users\cc\documents\unreal projects\fyc_ia\neuroevolution\neuroevolution\x64\debug\es_snake.obj
c:\users\cc\documents\unreal projects\fyc_ia\neuroevolution\neuroevolution\x64\debug\es_hyperneat.obj
c:\users\cc\documents\unreal projects\fyc_ia\neuroevolution\neuroevolution\x64\debug\cppn_neat.obj
c:\users\cc\documents\unreal projects\fyc_ia\neuroevolution\neuroevolution\x64\debug\activation.obj
c:\users\cc\documents\unreal projects\fyc_ia\neuroevolution\x64\debug\neuroevolution.exe
c:\users\cc\documents\unreal projects\fyc_ia\neuroevolution\neuroevolution\x64\debug\neuroevolution.ilk
c:\users\cc\documents\unreal projects\fyc_ia\neuroevolution\x64\debug\neuroevolution.pdb
c:\projets\scolaire\53djv\fyc\fyc_ia\neuroevolution\neuroevolution\x64\debug\activation.obj
c:\projets\scolaire\53djv\fyc\fyc_ia\neuroevolution\neuroevolution\x64\debug\cppn_neat.obj
c:\projets\scolaire\53djv\fyc\fyc_ia\neuroevolution\neuroevolution\x64\debug\es_hyperneat.obj
c:\projets\scolaire\53djv\fyc\fyc_ia\neuroevolution\neuroevolution\x64\debug\es_snake.obj
c:\projets\scolaire\53djv\fyc\fyc_ia\neuroevolution\neuroevolution\x64\debug\hyperneat.obj
c:\projets\scolaire\53djv\fyc\fyc_ia\neuroevolution\neuroevolution\x64\debug\neat.obj
c:\projets\scolaire\53djv\fyc\fyc_ia\neuroevolution\neuroevolution\x64\debug\neuralnetwork.obj
c:\projets\scolaire\53djv\fyc\fyc_ia\neuroevolution\neuroevolution\x64\debug\neuroevolution.obj
c:\projets\scolaire\53djv\fyc\fyc_ia\neuroevolution\neuroevolution\x64\debug\node.obj
c:\projets\scolaire\53djv\fyc\fyc_ia\neuroevolution\neuroevolution\x64\debug\species.obj
c:\projets\scolaire\53djv\fyc\fyc_ia\neuroevolution\neuroevolution\x64\debug\testhyperneat.obj
c:\projets\scolaire\53djv\fyc\fyc_ia\neuroevolution\neuroevolution\x64\debug\utils.obj
c:\projets\scolaire\53djv\fyc\fyc_ia\neuroevolution\neuroevolution\x64\debug\xortask.obj
c:\projets\scolaire\53djv\fyc\fyc_ia\neuroevolution\neuroevolution\x64\debug\neuroevolution.ilk
c:\projets\scolaire\53djv\fyc\fyc_ia\neuroevolution\neuroevolution\x64\debug\vc142.idb
c:\projets\scolaire\53djv\fyc\fyc_ia\neuroevolution\neuroevolution\x64\debug\vc143.idb
c:\projets\scolaire\53djv\fyc\fyc_ia\neuroevolution\neuroevolution\x64\debug\vc142.pdb
c:\projets\scolaire\53djv\fyc\fyc_ia\neuroevolution\neuroevolution\x64\debug\vc143.pdb
c:\projets\scolaire\53djv\fyc\fyc_ia\neuroevolution\neuroevolution\x64\debug\neuroevolution.tlog\cl.command.1.tlog
c:\projets\scolaire\53djv\fyc\fyc_ia\neuroevolution\neuroevolution\x64\debug\neuroevolution.tlog\cl.read.1.tlog
c:\projets\scolaire\53djv\fyc\fyc_ia\neuroevolution\neuroevolution\x64\debug\neuroevolution.tlog\cl.write.1.tlog
c:\projets\scolaire\53djv\fyc\fyc_ia\neuroevolution\neuroevolution\x64\debug\neuroevolution.tlog\link.command.1.tlog
c:\projets\scolaire\53djv\fyc\fyc_ia\neuroevolution\neuroevolution\x64\debug\neuroevolution.tlog\link.read.1.tlog
c:\projets\scolaire\53djv\fyc\fyc_ia\neuroevolution\neuroevolution\x64\debug\neuroevolution.tlog\link.write.1.tlog
