c:\projets\scolaire\53djv\fyc\intégration_neat\snake intégration\x64\debug\vc142.pdb
c:\projets\scolaire\53djv\fyc\intégration_neat\snake intégration\x64\debug\vc142.idb
c:\projets\scolaire\53djv\fyc\intégration_neat\snake intégration\x64\debug\utils.obj
c:\projets\scolaire\53djv\fyc\intégration_neat\snake intégration\x64\debug\threadpool.obj
c:\projets\scolaire\53djv\fyc\intégration_neat\snake intégration\x64\debug\testhyperneat.obj
c:\projets\scolaire\53djv\fyc\intégration_neat\snake intégration\x64\debug\species.obj
c:\projets\scolaire\53djv\fyc\intégration_neat\snake intégration\x64\debug\node.obj
c:\projets\scolaire\53djv\fyc\intégration_neat\snake intégration\x64\debug\neuralnetwork.obj
c:\projets\scolaire\53djv\fyc\intégration_neat\snake intégration\x64\debug\neat.obj
c:\projets\scolaire\53djv\fyc\intégration_neat\snake intégration\x64\debug\hyperneat.obj
c:\projets\scolaire\53djv\fyc\intégration_neat\snake intégration\x64\debug\hyperbackprop.obj
c:\projets\scolaire\53djv\fyc\intégration_neat\snake intégration\x64\debug\genome.obj
c:\projets\scolaire\53djv\fyc\intégration_neat\snake intégration\x64\debug\genenode.obj
c:\projets\scolaire\53djv\fyc\intégration_neat\snake intégration\x64\debug\geneconnection.obj
c:\projets\scolaire\53djv\fyc\intégration_neat\snake intégration\x64\debug\es_hyperneat.obj
c:\projets\scolaire\53djv\fyc\intégration_neat\snake intégration\x64\debug\cppn_neat.obj
c:\projets\scolaire\53djv\fyc\intégration_neat\snake intégration\x64\debug\backproptest.obj
c:\projets\scolaire\53djv\fyc\intégration_neat\snake intégration\x64\debug\activation.obj
c:\projets\scolaire\53djv\fyc\intégration_neat\snake intégration\x64\debug\snake intégration.obj
c:\projets\scolaire\53djv\fyc\intégration_neat\snake intégration\x64\debug\snake intégration.exe
c:\projets\scolaire\53djv\fyc\intégration_neat\snake intégration\x64\debug\snake intégration.ilk
c:\projets\scolaire\53djv\fyc\intégration_neat\snake intégration\x64\debug\snake intégration.pdb
c:\projets\scolaire\53djv\fyc\intégration_neat\snake intégration\x64\debug\snake in.dc78ccd8.tlog\cl.command.1.tlog
c:\projets\scolaire\53djv\fyc\intégration_neat\snake intégration\x64\debug\snake in.dc78ccd8.tlog\cl.read.1.tlog
c:\projets\scolaire\53djv\fyc\intégration_neat\snake intégration\x64\debug\snake in.dc78ccd8.tlog\cl.write.1.tlog
c:\projets\scolaire\53djv\fyc\intégration_neat\snake intégration\x64\debug\snake in.dc78ccd8.tlog\link.command.1.tlog
c:\projets\scolaire\53djv\fyc\intégration_neat\snake intégration\x64\debug\snake in.dc78ccd8.tlog\link.read.1.tlog
c:\projets\scolaire\53djv\fyc\intégration_neat\snake intégration\x64\debug\snake in.dc78ccd8.tlog\link.write.1.tlog
