c:\projets\scolaire\53djv\fyc\intégration_neat\snake intégration\x64\release\vc142.pdb
c:\projets\scolaire\53djv\fyc\intégration_neat\snake intégration\x64\release\snake intégration.obj
c:\projets\scolaire\53djv\fyc\intégration_neat\snake intégration\x64\release\threadpool.obj
c:\projets\scolaire\53djv\fyc\intégration_neat\snake intégration\x64\release\es_hyperneat.obj
c:\projets\scolaire\53djv\fyc\intégration_neat\snake intégration\x64\release\utils.obj
c:\projets\scolaire\53djv\fyc\intégration_neat\snake intégration\x64\release\species.obj
c:\projets\scolaire\53djv\fyc\intégration_neat\snake intégration\x64\release\node.obj
c:\projets\scolaire\53djv\fyc\intégration_neat\snake intégration\x64\release\neuroevolution.obj
c:\projets\scolaire\53djv\fyc\intégration_neat\snake intégration\x64\release\neat.obj
c:\projets\scolaire\53djv\fyc\intégration_neat\snake intégration\x64\release\genome.obj
c:\projets\scolaire\53djv\fyc\intégration_neat\snake intégration\x64\release\genenode.obj
c:\projets\scolaire\53djv\fyc\intégration_neat\snake intégration\x64\release\geneconnection.obj
c:\projets\scolaire\53djv\fyc\intégration_neat\snake intégration\x64\release\activation.obj
c:\projets\scolaire\53djv\fyc\intégration_neat\snake intégration\x64\release\neuralnetwork.obj
c:\projets\scolaire\53djv\fyc\intégration_neat\snake intégration\x64\release\xortask.obj
c:\projets\scolaire\53djv\fyc\intégration_neat\snake intégration\x64\release\testhyperneat.obj
c:\projets\scolaire\53djv\fyc\intégration_neat\snake intégration\x64\release\hyperneat.obj
c:\projets\scolaire\53djv\fyc\intégration_neat\snake intégration\x64\release\hyperbackprop.obj
c:\projets\scolaire\53djv\fyc\intégration_neat\snake intégration\x64\release\es_snake.obj
c:\projets\scolaire\53djv\fyc\intégration_neat\snake intégration\x64\release\cppn_neat.obj
c:\projets\scolaire\53djv\fyc\intégration_neat\snake intégration\x64\release\backproptest.obj
c:\projets\scolaire\53djv\fyc\intégration_neat\snake intégration\x64\release\snake in.dc78ccd8.tlog\cl.command.1.tlog
c:\projets\scolaire\53djv\fyc\intégration_neat\snake intégration\x64\release\snake in.dc78ccd8.tlog\cl.read.1.tlog
c:\projets\scolaire\53djv\fyc\intégration_neat\snake intégration\x64\release\snake in.dc78ccd8.tlog\cl.write.1.tlog
c:\projets\scolaire\53djv\fyc\intégration_neat\snake intégration\x64\release\snake in.dc78ccd8.tlog\link.command.1.tlog
c:\projets\scolaire\53djv\fyc\intégration_neat\snake intégration\x64\release\snake in.dc78ccd8.tlog\link.read.1.tlog
c:\projets\scolaire\53djv\fyc\intégration_neat\snake intégration\x64\release\snake in.dc78ccd8.tlog\link.write.1.tlog
