c:\projets\scolaire\53djv\fyc\neat\x64\release\vc142.pdb
c:\projets\scolaire\53djv\fyc\neat\x64\release\wrapper.obj
c:\projets\scolaire\53djv\fyc\neat\x64\release\utils.obj
c:\projets\scolaire\53djv\fyc\neat\x64\release\threadpool.obj
c:\projets\scolaire\53djv\fyc\neat\x64\release\species.obj
c:\projets\scolaire\53djv\fyc\neat\x64\release\pch.obj
c:\projets\scolaire\53djv\fyc\neat\x64\release\node.obj
c:\projets\scolaire\53djv\fyc\neat\x64\release\neuralnetwork.obj
c:\projets\scolaire\53djv\fyc\neat\x64\release\neat.obj
c:\projets\scolaire\53djv\fyc\neat\x64\release\genome.obj
c:\projets\scolaire\53djv\fyc\neat\x64\release\genenode.obj
c:\projets\scolaire\53djv\fyc\neat\x64\release\geneconnection.obj
c:\projets\scolaire\53djv\fyc\neat\x64\release\activation.obj
c:\projets\scolaire\53djv\fyc\neat\x64\release\neat.dll
c:\projets\scolaire\53djv\fyc\neat\x64\release\neat.pdb
c:\projets\scolaire\53djv\fyc\neat\x64\release\neat.lib
c:\projets\scolaire\53djv\fyc\neat\x64\release\neat.exp
c:\projets\scolaire\53djv\fyc\neat\x64\release\neat.ipdb
c:\projets\scolaire\53djv\fyc\neat\x64\release\neat.iobj
c:\projets\scolaire\53djv\fyc\neat\x64\release\neat.tlog\cl.command.1.tlog
c:\projets\scolaire\53djv\fyc\neat\x64\release\neat.tlog\cl.read.1.tlog
c:\projets\scolaire\53djv\fyc\neat\x64\release\neat.tlog\cl.write.1.tlog
c:\projets\scolaire\53djv\fyc\neat\x64\release\neat.tlog\link.command.1.tlog
c:\projets\scolaire\53djv\fyc\neat\x64\release\neat.tlog\link.read.1.tlog
c:\projets\scolaire\53djv\fyc\neat\x64\release\neat.tlog\link.write.1.tlog
c:\projets\scolaire\53djv\fyc\neat\x64\release\neat.tlog\neat.write.1u.tlog
